2020-03-31 21:25:26,427 [Worker-6: Loading available Gradle versions] INFO  o.e.b.c.i.u.g.PublishedGradleVersions - Gradle version information cache is out-of-date. Trying to update.
2020-03-31 21:37:40,164 [ForkJoinPool.commonPool-worker-1] ERROR org.eclipse.jgit.util.FS - C:\Users\Ivan\git\cs2223d20\.probe-e14db7b9-de1f-4bbc-bd88-dc44c5993134
java.nio.file.NoSuchFileException: C:\Users\Ivan\git\cs2223d20\.probe-e14db7b9-de1f-4bbc-bd88-dc44c5993134
	at sun.nio.fs.WindowsException.translateToIOException(Unknown Source) ~[na:1.8.0_231]
	at sun.nio.fs.WindowsException.rethrowAsIOException(Unknown Source) ~[na:1.8.0_231]
	at sun.nio.fs.WindowsException.rethrowAsIOException(Unknown Source) ~[na:1.8.0_231]
	at sun.nio.fs.WindowsFileSystemProvider.newByteChannel(Unknown Source) ~[na:1.8.0_231]
	at java.nio.file.spi.FileSystemProvider.newOutputStream(Unknown Source) ~[na:1.8.0_231]
	at java.nio.file.Files.newOutputStream(Unknown Source) ~[na:1.8.0_231]
	at org.eclipse.jgit.util.FS$FileStoreAttributes.write(FS.java:451) [org.eclipse.jgit_5.5.0.201909110433-r.jar:5.5.0.201909110433-r]
	at org.eclipse.jgit.util.FS$FileStoreAttributes.measureMinimalRacyInterval(FS.java:413) [org.eclipse.jgit_5.5.0.201909110433-r.jar:5.5.0.201909110433-r]
	at org.eclipse.jgit.util.FS$FileStoreAttributes.lambda$0(FS.java:358) [org.eclipse.jgit_5.5.0.201909110433-r.jar:5.5.0.201909110433-r]
	at java.util.concurrent.CompletableFuture$AsyncSupply.run(Unknown Source) ~[na:1.8.0_231]
	at java.util.concurrent.CompletableFuture$AsyncSupply.exec(Unknown Source) ~[na:1.8.0_231]
	at java.util.concurrent.ForkJoinTask.doExec(Unknown Source) ~[na:1.8.0_231]
	at java.util.concurrent.ForkJoinPool$WorkQueue.runTask(Unknown Source) ~[na:1.8.0_231]
	at java.util.concurrent.ForkJoinPool.runWorker(Unknown Source) ~[na:1.8.0_231]
	at java.util.concurrent.ForkJoinWorkerThread.run(Unknown Source) ~[na:1.8.0_231]
2020-04-01 14:30:56,750 [Worker-4: Loading available Gradle versions] INFO  o.e.b.c.i.u.g.PublishedGradleVersions - Gradle version information cache is up-to-date. Trying to read.
2020-04-01 19:29:06,641 [Worker-4: Loading available Gradle versions] INFO  o.e.b.c.i.u.g.PublishedGradleVersions - Gradle version information cache is up-to-date. Trying to read.
2020-04-02 11:46:56,186 [Worker-6: Loading available Gradle versions] INFO  o.e.b.c.i.u.g.PublishedGradleVersions - Gradle version information cache is out-of-date. Trying to update.
2020-04-03 22:49:29,235 [Worker-17: Loading available Gradle versions] INFO  o.e.b.c.i.u.g.PublishedGradleVersions - Gradle version information cache is out-of-date. Trying to update.
2020-04-04 11:22:30,448 [Worker-1: Loading available Gradle versions] INFO  o.e.b.c.i.u.g.PublishedGradleVersions - Gradle version information cache is up-to-date. Trying to read.
2020-04-04 21:33:38,265 [Worker-0: Loading available Gradle versions] INFO  o.e.b.c.i.u.g.PublishedGradleVersions - Gradle version information cache is up-to-date. Trying to read.
2020-04-04 21:55:02,787 [Worker-0: Loading available Gradle versions] INFO  o.e.b.c.i.u.g.PublishedGradleVersions - Gradle version information cache is up-to-date. Trying to read.
2020-04-06 21:10:36,356 [Worker-7: Loading available Gradle versions] INFO  o.e.b.c.i.u.g.PublishedGradleVersions - Gradle version information cache is out-of-date. Trying to update.
2020-04-07 13:54:07,923 [Worker-1: Loading available Gradle versions] INFO  o.e.b.c.i.u.g.PublishedGradleVersions - Gradle version information cache is up-to-date. Trying to read.
2020-04-08 14:33:45,027 [Worker-5: Loading available Gradle versions] INFO  o.e.b.c.i.u.g.PublishedGradleVersions - Gradle version information cache is out-of-date. Trying to update.
2020-04-12 15:04:41,449 [Worker-7: Loading available Gradle versions] INFO  o.e.b.c.i.u.g.PublishedGradleVersions - Gradle version information cache is out-of-date. Trying to update.
2020-04-13 16:55:57,757 [Worker-1: Loading available Gradle versions] INFO  o.e.b.c.i.u.g.PublishedGradleVersions - Gradle version information cache is out-of-date. Trying to update.
2020-04-13 21:54:27,055 [Worker-0: Loading available Gradle versions] INFO  o.e.b.c.i.u.g.PublishedGradleVersions - Gradle version information cache is up-to-date. Trying to read.
2020-04-14 20:58:44,549 [Worker-3: Loading available Gradle versions] INFO  o.e.b.c.i.u.g.PublishedGradleVersions - Gradle version information cache is out-of-date. Trying to update.
2020-04-15 11:54:11,560 [Worker-2: Loading available Gradle versions] INFO  o.e.b.c.i.u.g.PublishedGradleVersions - Gradle version information cache is up-to-date. Trying to read.
2020-04-15 15:45:29,868 [Worker-5: Loading available Gradle versions] INFO  o.e.b.c.i.u.g.PublishedGradleVersions - Gradle version information cache is up-to-date. Trying to read.
2020-04-16 12:39:42,184 [Worker-0: Loading available Gradle versions] INFO  o.e.b.c.i.u.g.PublishedGradleVersions - Gradle version information cache is out-of-date. Trying to update.
2020-04-21 19:47:55,293 [Worker-1: Loading available Gradle versions] INFO  o.e.b.c.i.u.g.PublishedGradleVersions - Gradle version information cache is out-of-date. Trying to update.
2020-04-22 18:31:37,509 [Worker-5: Loading available Gradle versions] INFO  o.e.b.c.i.u.g.PublishedGradleVersions - Gradle version information cache is up-to-date. Trying to read.
2020-04-23 11:47:10,037 [Worker-6: Loading available Gradle versions] INFO  o.e.b.c.i.u.g.PublishedGradleVersions - Gradle version information cache is out-of-date. Trying to update.
2020-04-26 12:19:48,165 [Worker-2: Loading available Gradle versions] INFO  o.e.b.c.i.u.g.PublishedGradleVersions - Gradle version information cache is out-of-date. Trying to update.
2020-04-27 12:13:53,175 [Worker-2: Loading available Gradle versions] INFO  o.e.b.c.i.u.g.PublishedGradleVersions - Gradle version information cache is up-to-date. Trying to read.
2020-05-03 15:35:36,934 [Worker-0: Loading available Gradle versions] INFO  o.e.b.c.i.u.g.PublishedGradleVersions - Gradle version information cache is out-of-date. Trying to update.
2020-05-04 20:36:58,686 [Worker-2: Loading available Gradle versions] INFO  o.e.b.c.i.u.g.PublishedGradleVersions - Gradle version information cache is out-of-date. Trying to update.
2020-05-05 19:43:54,024 [Worker-2: Loading available Gradle versions] INFO  o.e.b.c.i.u.g.PublishedGradleVersions - Gradle version information cache is up-to-date. Trying to read.
2020-05-05 21:18:40,107 [Worker-1: Loading available Gradle versions] INFO  o.e.b.c.i.u.g.PublishedGradleVersions - Gradle version information cache is out-of-date. Trying to update.
2020-05-06 16:03:36,387 [Worker-16: Loading available Gradle versions] INFO  o.e.b.c.i.u.g.PublishedGradleVersions - Gradle version information cache is up-to-date. Trying to read.
2020-05-10 13:18:11,800 [Worker-6: Loading available Gradle versions] INFO  o.e.b.c.i.u.g.PublishedGradleVersions - Gradle version information cache is out-of-date. Trying to update.
2020-05-10 17:39:07,940 [Worker-0: Loading available Gradle versions] INFO  o.e.b.c.i.u.g.PublishedGradleVersions - Gradle version information cache is up-to-date. Trying to read.
2020-05-12 11:51:23,982 [Worker-2: Loading available Gradle versions] INFO  o.e.b.c.i.u.g.PublishedGradleVersions - Gradle version information cache is out-of-date. Trying to update.
2020-05-12 11:53:40,261 [Worker-0: Loading available Gradle versions] INFO  o.e.b.c.i.u.g.PublishedGradleVersions - Gradle version information cache is up-to-date. Trying to read.
2020-05-12 11:59:05,997 [Worker-16: Loading available Gradle versions] INFO  o.e.b.c.i.u.g.PublishedGradleVersions - Gradle version information cache is up-to-date. Trying to read.
2020-05-12 16:52:22,715 [Worker-2: Loading available Gradle versions] INFO  o.e.b.c.i.u.g.PublishedGradleVersions - Gradle version information cache is up-to-date. Trying to read.
2020-05-13 06:45:52,434 [Worker-2: Loading available Gradle versions] INFO  o.e.b.c.i.u.g.PublishedGradleVersions - Gradle version information cache is up-to-date. Trying to read.
2020-05-13 06:53:05,073 [Worker-1: Loading available Gradle versions] INFO  o.e.b.c.i.u.g.PublishedGradleVersions - Gradle version information cache is up-to-date. Trying to read.
2021-06-02 21:18:59,907 [Worker-1: Loading available Gradle versions] INFO  o.e.b.c.i.u.g.PublishedGradleVersions - Gradle version information cache is out-of-date. Trying to update.
2021-06-02 21:49:54,994 [Worker-2: Loading available Gradle versions] INFO  o.e.b.c.i.u.g.PublishedGradleVersions - Gradle version information cache is up-to-date. Trying to read.
2021-06-02 21:53:55,836 [Worker-2: Loading available Gradle versions] INFO  o.e.b.c.i.u.g.PublishedGradleVersions - Gradle version information cache is up-to-date. Trying to read.
